<?xml version="1.0" encoding="UTF-8"?>
<!-- Generated by org.testng.reporters.JUnitXMLReporter -->
<testsuite hostname="LM-SJN-00875993" name="Default test" tests="6" failures="0" timestamp="17 Sep 2016 23:03:47 GMT" time="0.035" errors="0">
  <testcase name="testAlphaNumNonAlphaNumericStringSuccess" time="0.009" classname="com.evernote.processor.tests.TextProcessorTest"/>
  <testcase name="testEmptyString" time="0.001" classname="com.evernote.processor.tests.TextProcessorTest"/>
  <testcase name="testNegativeItemCount" time="0.001" classname="com.evernote.processor.tests.TextProcessorTest"/>
  <testcase name="testNullString" time="0.001" classname="com.evernote.processor.tests.TextProcessorTest"/>
  <testcase name="testSuccess" time="0.001" classname="com.evernote.processor.tests.TextProcessorTest"/>
  <testcase name="testZeroItemCount" time="0.001" classname="com.evernote.processor.tests.TextProcessorTest"/>
</testsuite> <!-- Default test -->
